Determining if the CL_VERSION_2_0 exist failed with the following output:
Change Dir: /Users/wachs/Dropbox/SIFT/CPP/OpenSift/build/CMakeFiles/CMakeTmp

Run Build Command:"/opt/local/bin/gmake" "cmTC_6264c/fast"
/opt/local/bin/gmake -f CMakeFiles/cmTC_6264c.dir/build.make CMakeFiles/cmTC_6264c.dir/build
gmake[1]: Entering directory '/Users/wachs/Dropbox/SIFT/CPP/OpenSift/build/CMakeFiles/CMakeTmp'
Building C object CMakeFiles/cmTC_6264c.dir/CheckSymbolExists.c.o
/Applications/Xcode.app/Contents/Developer/Toolchains/XcodeDefault.xctoolchain/usr/bin/cc     -o CMakeFiles/cmTC_6264c.dir/CheckSymbolExists.c.o   -c /Users/wachs/Dropbox/SIFT/CPP/OpenSift/build/CMakeFiles/CMakeTmp/CheckSymbolExists.c
/Users/wachs/Dropbox/SIFT/CPP/OpenSift/build/CMakeFiles/CMakeTmp/CheckSymbolExists.c:2:10: fatal error: '/System/Library/Frameworks/OpenCL.framework/OpenCL/cl.h' file not found
#include </System/Library/Frameworks/OpenCL.framework/OpenCL/cl.h>
         ^
1 error generated.
CMakeFiles/cmTC_6264c.dir/build.make:65: recipe for target 'CMakeFiles/cmTC_6264c.dir/CheckSymbolExists.c.o' failed
gmake[1]: *** [CMakeFiles/cmTC_6264c.dir/CheckSymbolExists.c.o] Error 1
gmake[1]: Leaving directory '/Users/wachs/Dropbox/SIFT/CPP/OpenSift/build/CMakeFiles/CMakeTmp'
Makefile:126: recipe for target 'cmTC_6264c/fast' failed
gmake: *** [cmTC_6264c/fast] Error 2

File /Users/wachs/Dropbox/SIFT/CPP/OpenSift/build/CMakeFiles/CMakeTmp/CheckSymbolExists.c:
/* */
#include </System/Library/Frameworks/OpenCL.framework/OpenCL/cl.h>

int main(int argc, char** argv)
{
  (void)argv;
#ifndef CL_VERSION_2_0
  return ((int*)(&CL_VERSION_2_0))[argc];
#else
  (void)argc;
  return 0;
#endif
}

Determining if the CL_VERSION_1_2 exist failed with the following output:
Change Dir: /Users/wachs/Dropbox/SIFT/CPP/OpenSift/build/CMakeFiles/CMakeTmp

Run Build Command:"/opt/local/bin/gmake" "cmTC_44657/fast"
/opt/local/bin/gmake -f CMakeFiles/cmTC_44657.dir/build.make CMakeFiles/cmTC_44657.dir/build
gmake[1]: Entering directory '/Users/wachs/Dropbox/SIFT/CPP/OpenSift/build/CMakeFiles/CMakeTmp'
Building C object CMakeFiles/cmTC_44657.dir/CheckSymbolExists.c.o
/Applications/Xcode.app/Contents/Developer/Toolchains/XcodeDefault.xctoolchain/usr/bin/cc     -o CMakeFiles/cmTC_44657.dir/CheckSymbolExists.c.o   -c /Users/wachs/Dropbox/SIFT/CPP/OpenSift/build/CMakeFiles/CMakeTmp/CheckSymbolExists.c
/Users/wachs/Dropbox/SIFT/CPP/OpenSift/build/CMakeFiles/CMakeTmp/CheckSymbolExists.c:2:10: fatal error: '/System/Library/Frameworks/OpenCL.framework/OpenCL/cl.h' file not found
#include </System/Library/Frameworks/OpenCL.framework/OpenCL/cl.h>
         ^
1 error generated.
CMakeFiles/cmTC_44657.dir/build.make:65: recipe for target 'CMakeFiles/cmTC_44657.dir/CheckSymbolExists.c.o' failed
gmake[1]: *** [CMakeFiles/cmTC_44657.dir/CheckSymbolExists.c.o] Error 1
gmake[1]: Leaving directory '/Users/wachs/Dropbox/SIFT/CPP/OpenSift/build/CMakeFiles/CMakeTmp'
Makefile:126: recipe for target 'cmTC_44657/fast' failed
gmake: *** [cmTC_44657/fast] Error 2

File /Users/wachs/Dropbox/SIFT/CPP/OpenSift/build/CMakeFiles/CMakeTmp/CheckSymbolExists.c:
/* */
#include </System/Library/Frameworks/OpenCL.framework/OpenCL/cl.h>

int main(int argc, char** argv)
{
  (void)argv;
#ifndef CL_VERSION_1_2
  return ((int*)(&CL_VERSION_1_2))[argc];
#else
  (void)argc;
  return 0;
#endif
}

Determining if the CL_VERSION_1_1 exist failed with the following output:
Change Dir: /Users/wachs/Dropbox/SIFT/CPP/OpenSift/build/CMakeFiles/CMakeTmp

Run Build Command:"/opt/local/bin/gmake" "cmTC_f100c/fast"
/opt/local/bin/gmake -f CMakeFiles/cmTC_f100c.dir/build.make CMakeFiles/cmTC_f100c.dir/build
gmake[1]: Entering directory '/Users/wachs/Dropbox/SIFT/CPP/OpenSift/build/CMakeFiles/CMakeTmp'
Building C object CMakeFiles/cmTC_f100c.dir/CheckSymbolExists.c.o
/Applications/Xcode.app/Contents/Developer/Toolchains/XcodeDefault.xctoolchain/usr/bin/cc     -o CMakeFiles/cmTC_f100c.dir/CheckSymbolExists.c.o   -c /Users/wachs/Dropbox/SIFT/CPP/OpenSift/build/CMakeFiles/CMakeTmp/CheckSymbolExists.c
/Users/wachs/Dropbox/SIFT/CPP/OpenSift/build/CMakeFiles/CMakeTmp/CheckSymbolExists.c:2:10: fatal error: '/System/Library/Frameworks/OpenCL.framework/OpenCL/cl.h' file not found
#include </System/Library/Frameworks/OpenCL.framework/OpenCL/cl.h>
         ^
1 error generated.
CMakeFiles/cmTC_f100c.dir/build.make:65: recipe for target 'CMakeFiles/cmTC_f100c.dir/CheckSymbolExists.c.o' failed
gmake[1]: *** [CMakeFiles/cmTC_f100c.dir/CheckSymbolExists.c.o] Error 1
gmake[1]: Leaving directory '/Users/wachs/Dropbox/SIFT/CPP/OpenSift/build/CMakeFiles/CMakeTmp'
Makefile:126: recipe for target 'cmTC_f100c/fast' failed
gmake: *** [cmTC_f100c/fast] Error 2

File /Users/wachs/Dropbox/SIFT/CPP/OpenSift/build/CMakeFiles/CMakeTmp/CheckSymbolExists.c:
/* */
#include </System/Library/Frameworks/OpenCL.framework/OpenCL/cl.h>

int main(int argc, char** argv)
{
  (void)argv;
#ifndef CL_VERSION_1_1
  return ((int*)(&CL_VERSION_1_1))[argc];
#else
  (void)argc;
  return 0;
#endif
}

Determining if the CL_VERSION_1_0 exist failed with the following output:
Change Dir: /Users/wachs/Dropbox/SIFT/CPP/OpenSift/build/CMakeFiles/CMakeTmp

Run Build Command:"/opt/local/bin/gmake" "cmTC_79c24/fast"
/opt/local/bin/gmake -f CMakeFiles/cmTC_79c24.dir/build.make CMakeFiles/cmTC_79c24.dir/build
gmake[1]: Entering directory '/Users/wachs/Dropbox/SIFT/CPP/OpenSift/build/CMakeFiles/CMakeTmp'
Building C object CMakeFiles/cmTC_79c24.dir/CheckSymbolExists.c.o
/Applications/Xcode.app/Contents/Developer/Toolchains/XcodeDefault.xctoolchain/usr/bin/cc     -o CMakeFiles/cmTC_79c24.dir/CheckSymbolExists.c.o   -c /Users/wachs/Dropbox/SIFT/CPP/OpenSift/build/CMakeFiles/CMakeTmp/CheckSymbolExists.c
/Users/wachs/Dropbox/SIFT/CPP/OpenSift/build/CMakeFiles/CMakeTmp/CheckSymbolExists.c:2:10: fatal error: '/System/Library/Frameworks/OpenCL.framework/OpenCL/cl.h' file not found
#include </System/Library/Frameworks/OpenCL.framework/OpenCL/cl.h>
         ^
1 error generated.
CMakeFiles/cmTC_79c24.dir/build.make:65: recipe for target 'CMakeFiles/cmTC_79c24.dir/CheckSymbolExists.c.o' failed
gmake[1]: *** [CMakeFiles/cmTC_79c24.dir/CheckSymbolExists.c.o] Error 1
gmake[1]: Leaving directory '/Users/wachs/Dropbox/SIFT/CPP/OpenSift/build/CMakeFiles/CMakeTmp'
Makefile:126: recipe for target 'cmTC_79c24/fast' failed
gmake: *** [cmTC_79c24/fast] Error 2

File /Users/wachs/Dropbox/SIFT/CPP/OpenSift/build/CMakeFiles/CMakeTmp/CheckSymbolExists.c:
/* */
#include </System/Library/Frameworks/OpenCL.framework/OpenCL/cl.h>

int main(int argc, char** argv)
{
  (void)argv;
#ifndef CL_VERSION_1_0
  return ((int*)(&CL_VERSION_1_0))[argc];
#else
  (void)argc;
  return 0;
#endif
}

